<?xml version="1.0" encoding="UTF-8"?>
<!-- Generated by org.testng.reporters.JUnitReportReporter -->
<testsuite skipped="0" hostname="localhost" name="testSuites.TaskOneTest" tests="6" failures="0" timestamp="22 Jul 2020 17:11:25 GMT" time="24.154" errors="0">
  <testcase name="NavigateToUrl" time="15.119" classname="testSuites.TaskOneTest"/>
  <testcase name="ValidateUserListTable" time="0.289" classname="testSuites.TaskOneTest"/>
  <testcase name="ClickAddUser" time="0.748" classname="testSuites.TaskOneTest"/>
  <testcase name="AddUsersToTable" time="7.857" classname="testSuites.TaskOneTest"/>
  <testcase name="ValidateUserNameIsUnique" time="0.007" classname="testSuites.TaskOneTest"/>
  <testcase name="ValidateUserAreAddedToList" time="0.134" classname="testSuites.TaskOneTest"/>
</testsuite> <!-- testSuites.TaskOneTest -->
