<?xml version="1.0" encoding="UTF-8"?>
<!-- Generated by org.testng.reporters.JUnitReportReporter -->
<testsuite skipped="0" hostname="localhost" name="testSuites.TaskThreeTest" tests="7" failures="0" timestamp="22 Jul 2020 17:11:25 GMT" time="14.639" errors="0">
  <testcase name="GetListOfAllBreeds" time="4.991" classname="testSuites.TaskThreeTest"/>
  <testcase name="VerifyRetriever" time="3.122" classname="testSuites.TaskThreeTest"/>
  <testcase name="GetListOfSubBreeds" time="1.192" classname="testSuites.TaskThreeTest"/>
  <testcase name="GetImageRandom" time="1.132" classname="testSuites.TaskThreeTest"/>
  <testcase name="GetListOfHoundSubBreeds" time="1.047" classname="testSuites.TaskThreeTest"/>
  <testcase name="GetListAllSubBreedImage" time="1.021" classname="testSuites.TaskThreeTest"/>
  <testcase name="Login" time="2.134" classname="testSuites.TaskThreeTest"/>
</testsuite> <!-- testSuites.TaskThreeTest -->
