<?xml version="1.0" encoding="UTF-8"?>
<!-- Generated by org.testng.reporters.JUnitReportReporter -->
<testsuite skipped="0" hostname="localhost" name="testSuites.TaskTwoTest" tests="4" failures="0" timestamp="22 Jul 2020 17:11:25 GMT" time="40.111" errors="0">
  <testcase name="OpenUAMPApp" time="27.984" classname="testSuites.TaskTwoTest"/>
  <testcase name="ValidateHomePage" time="9.553" classname="testSuites.TaskTwoTest"/>
  <testcase name="NavigateToRecommended" time="1.833" classname="testSuites.TaskTwoTest"/>
  <testcase name="PlayJazzInParis" time="0.741" classname="testSuites.TaskTwoTest"/>
</testsuite> <!-- testSuites.TaskTwoTest -->
