<?xml version="1.0" encoding="UTF-8"?>
<testsuite name="testSuites.TaskThreeTest" tests="7" skipped="0" failures="0" errors="0" timestamp="2020-07-22T17:11:06" hostname="Lionel-Mangoua.local" time="14.695">
  <properties/>
  <testcase name="GetListOfAllBreeds" classname="testSuites.TaskThreeTest" time="4.991"/>
  <testcase name="VerifyRetriever" classname="testSuites.TaskThreeTest" time="3.122"/>
  <testcase name="GetListOfSubBreeds" classname="testSuites.TaskThreeTest" time="1.192"/>
  <testcase name="GetImageRandom" classname="testSuites.TaskThreeTest" time="1.132"/>
  <testcase name="GetListOfHoundSubBreeds" classname="testSuites.TaskThreeTest" time="1.047"/>
  <testcase name="GetListAllSubBreedImage" classname="testSuites.TaskThreeTest" time="1.021"/>
  <testcase name="Login" classname="testSuites.TaskThreeTest" time="2.134"/>
  <system-out><![CDATA[
=============== GetListOfAllBreeds test executed successfully ===============


=============== VerifyRetriever test executed successfully ===============


=============== GetListOfSubBreeds test executed successfully ===============


=============== GetImageRandom test executed successfully ===============


=============== GetListOfHoundSubBreeds test executed successfully ===============


=============== GetImageRandom test executed successfully ===============


=============== Login test executed successfully ===============

]]></system-out>
  <system-err><![CDATA[[Test worker] INFO main.java.Engine.DriverFactory - Setup .xlsx File Path: 'src/main/resources/excels/UserData.xlsx' successfully 

[Test worker] INFO main.java.Engine.DriverFactory - Setup Base URL successfully 

[Test worker] INFO main.java.Engine.DriverFactory - ========================== Get List Of All Breeds ============================
[Test worker] INFO main.java.Engine.DriverFactory - Method: GET
---------------- URL ------------------
https://dog.ceo/api/breeds/list/all
[Test worker] INFO main.java.Engine.DriverFactory - --------------- HEADERS ---------------
{Content-Type=application/json}
[Test worker] INFO main.java.Engine.DriverFactory - --------------- RESPONSE ---------------

[Test worker] INFO main.java.Engine.DriverFactory - 
{
    "message": {
        "pyrenees": [],
        "affenpinscher": [],
        "kuvasz": [],
        "dingo": [],
        "pug": [],
        "husky": [],
        "dachshund": [],
        "greyhound": ["italian"],
        "buhund": ["norwegian"],
        "deerhound": ["scottish"],
        "appenzeller": [],
        "schipperke": [],
        "stbernard": [],
        "basenji": [],
        "mountain": [
            "bernese",
            "swiss"
        ],
        "retriever": [
            "chesapeake",
            "curly",
            "flatcoated",
            "golden"
        ],
        "beagle": [],
        "coonhound": [],
        "dhole": [],
        "rottweiler": [],
        "airedale": [],
        "elkhound": ["norwegian"],
        "brabancon": [],
        "springer": ["english"],
        "whippet": [],
        "mexicanhairless": [],
        "boxer": [],
        "labrador": [],
        "kelpie": [],
        "pointer": [
            "german",
            "germanlonghair"
        ],
        "chow": [],
        "akita": [],
        "shihtzu": [],
        "bulldog": [
            "boston",
            "english",
            "french"
        ],
        "briard": [],
        "cattledog": ["australian"],
        "leonberg": [],
        "entlebucher": [],
        "havanese": [],
        "saluki": [],
        "collie": ["border"],
        "pekinese": [],
        "bluetick": [],
        "germanshepherd": [],
        "weimaraner": [],
        "schnauzer": [
            "giant",
            "miniature"
        ],
        "otterhound": [],
        "australian": ["shepherd"],
        "cockapoo": [],
        "ovcharka": ["caucasian"],
        "mastiff": [
            "bull",
            "english",
            "tibetan"
        ],
        "sheepdog": [
            "english",
            "shetland"
        ],
        "eskimo": [],
        "samoyed": [],
        "corgi": ["cardigan"],
        "malamute": [],
        "papillon": [],
        "chihuahua": [],
        "lhasa": [],
        "pembroke": [],
        "spaniel": [
            "blenheim",
            "brittany",
            "cocker",
            "irish",
            "japanese",
            "sussex",
            "welsh"
        ],
        "clumber": [],
        "ridgeback": ["rhodesian"],
        "keeshond": [],
        "pitbull": [],
        "dane": ["great"],
        "redbone": [],
        "waterdog": ["spanish"],
        "bouvier": [],
        "mix": [],
        "komondor": [],
        "malinois": [],
        "cotondetulear": [],
        "puggle": [],
        "borzoi": [],
        "poodle": [
            "miniature",
            "standard",
            "toy"
        ],
        "groenendael": [],
        "cairn": [],
        "hound": [
            "afghan",
            "basset",
            "blood",
            "english",
            "ibizan",
            "plott",
            "walker"
        ],
        "terrier": [
            "american",
            "australian",
            "bedlington",
            "border",
            "dandie",
            "fox",
            "irish",
            "kerryblue",
            "lakeland",
            "norfolk",
            "norwich",
            "patterdale",
            "russell",
            "scottish",
            "sealyham",
            "silky",
            "tibetan",
            "toy",
            "westhighland",
            "wheaten",
            "yorkshire"
        ],
        "maltese": [],
        "bullterrier": ["staffordshire"],
        "finnish": ["lapphund"],
        "african": [],
        "newfoundland": [],
        "shiba": [],
        "pomeranian": [],
        "pinscher": ["miniature"],
        "setter": [
            "english",
            "gordon",
            "irish"
        ],
        "frise": ["bichon"],
        "vizsla": [],
        "wolfhound": ["irish"],
        "dalmatian": [],
        "doberman": []
    },
    "status": "success"
}
[Test worker] INFO main.java.Engine.DriverFactory - ASSERT: StatusCode 
EXPECTED: 200 
ACTUAL: 200
[Test worker] INFO main.java.Engine.DriverFactory - ========================== Get List Of All Breeds ============================
[Test worker] INFO main.java.Engine.DriverFactory - Method: GET
---------------- URL ------------------
https://dog.ceo/api/breeds/list/all
[Test worker] INFO main.java.Engine.DriverFactory - --------------- HEADERS ---------------
{Content-Type=application/json}
[Test worker] INFO main.java.Engine.DriverFactory - --------------- RESPONSE ---------------

[Test worker] INFO main.java.Engine.DriverFactory - 
{
    "message": {
        "pyrenees": [],
        "affenpinscher": [],
        "kuvasz": [],
        "dingo": [],
        "pug": [],
        "husky": [],
        "dachshund": [],
        "greyhound": ["italian"],
        "buhund": ["norwegian"],
        "deerhound": ["scottish"],
        "appenzeller": [],
        "schipperke": [],
        "stbernard": [],
        "basenji": [],
        "mountain": [
            "bernese",
            "swiss"
        ],
        "retriever": [
            "chesapeake",
            "curly",
            "flatcoated",
            "golden"
        ],
        "beagle": [],
        "coonhound": [],
        "dhole": [],
        "rottweiler": [],
        "airedale": [],
        "elkhound": ["norwegian"],
        "brabancon": [],
        "springer": ["english"],
        "whippet": [],
        "mexicanhairless": [],
        "boxer": [],
        "labrador": [],
        "kelpie": [],
        "pointer": [
            "german",
            "germanlonghair"
        ],
        "chow": [],
        "akita": [],
        "shihtzu": [],
        "bulldog": [
            "boston",
            "english",
            "french"
        ],
        "briard": [],
        "cattledog": ["australian"],
        "leonberg": [],
        "entlebucher": [],
        "havanese": [],
        "saluki": [],
        "collie": ["border"],
        "pekinese": [],
        "bluetick": [],
        "germanshepherd": [],
        "weimaraner": [],
        "schnauzer": [
            "giant",
            "miniature"
        ],
        "otterhound": [],
        "australian": ["shepherd"],
        "cockapoo": [],
        "ovcharka": ["caucasian"],
        "mastiff": [
            "bull",
            "english",
            "tibetan"
        ],
        "sheepdog": [
            "english",
            "shetland"
        ],
        "eskimo": [],
        "samoyed": [],
        "corgi": ["cardigan"],
        "malamute": [],
        "papillon": [],
        "chihuahua": [],
        "lhasa": [],
        "pembroke": [],
        "spaniel": [
            "blenheim",
            "brittany",
            "cocker",
            "irish",
            "japanese",
            "sussex",
            "welsh"
        ],
        "clumber": [],
        "ridgeback": ["rhodesian"],
        "keeshond": [],
        "pitbull": [],
        "dane": ["great"],
        "redbone": [],
        "waterdog": ["spanish"],
        "bouvier": [],
        "mix": [],
        "komondor": [],
        "malinois": [],
        "cotondetulear": [],
        "puggle": [],
        "borzoi": [],
        "poodle": [
            "miniature",
            "standard",
            "toy"
        ],
        "groenendael": [],
        "cairn": [],
        "hound": [
            "afghan",
            "basset",
            "blood",
            "english",
            "ibizan",
            "plott",
            "walker"
        ],
        "terrier": [
            "american",
            "australian",
            "bedlington",
            "border",
            "dandie",
            "fox",
            "irish",
            "kerryblue",
            "lakeland",
            "norfolk",
            "norwich",
            "patterdale",
            "russell",
            "scottish",
            "sealyham",
            "silky",
            "tibetan",
            "toy",
            "westhighland",
            "wheaten",
            "yorkshire"
        ],
        "maltese": [],
        "bullterrier": ["staffordshire"],
        "finnish": ["lapphund"],
        "african": [],
        "newfoundland": [],
        "shiba": [],
        "pomeranian": [],
        "pinscher": ["miniature"],
        "setter": [
            "english",
            "gordon",
            "irish"
        ],
        "frise": ["bichon"],
        "vizsla": [],
        "wolfhound": ["irish"],
        "dalmatian": [],
        "doberman": []
    },
    "status": "success"
}
[Test worker] INFO main.java.Engine.DriverFactory - ASSERT: StatusCode 
EXPECTED: 200 
ACTUAL: 200
[Test worker] INFO main.java.Engine.DriverFactory - ASSERT: Verify retriever is within list 
EXPECTED: chesapeake, curly, flatcoated, golden 
ACTUAL: chesapeake, curly, flatcoated, golden
[Test worker] INFO main.java.Engine.DriverFactory - ========================== Get List Of Retriever Sub-Breeds ============================
[Test worker] INFO main.java.Engine.DriverFactory - Method: GET
---------------- URL ------------------
https://dog.ceo/api/breed/retriever/list
[Test worker] INFO main.java.Engine.DriverFactory - --------------- HEADERS ---------------
{Content-Type=application/json}
[Test worker] INFO main.java.Engine.DriverFactory - --------------- RESPONSE ---------------

[Test worker] INFO main.java.Engine.DriverFactory - 
{
    "message": [
        "chesapeake",
        "curly",
        "flatcoated",
        "golden"
    ],
    "status": "success"
}
[Test worker] INFO main.java.Engine.DriverFactory - ASSERT: StatusCode 
EXPECTED: 200 
ACTUAL: 200
[Test worker] INFO main.java.Engine.DriverFactory - ASSERT: list of sub-breeds for is present 
EXPECTED: Must not be null 
ACTUAL: chesapeake, curly, flatcoated, golden
[Test worker] INFO main.java.Engine.DriverFactory - ========================== Get Random Image ============================
[Test worker] INFO main.java.Engine.DriverFactory - Method: GET
---------------- URL ------------------
https://dog.ceo/api/breed/retriever/golden/images/random
[Test worker] INFO main.java.Engine.DriverFactory - --------------- HEADERS ---------------
{Content-Type=application/json}
[Test worker] INFO main.java.Engine.DriverFactory - --------------- RESPONSE ---------------

[Test worker] INFO main.java.Engine.DriverFactory - 
{
    "message": "https://images.dog.ceo/breeds/retriever-golden/n02099601_3327.jpg",
    "status": "success"
}
[Test worker] INFO main.java.Engine.DriverFactory - ASSERT: StatusCode 
EXPECTED: 200 
ACTUAL: 200
[Test worker] INFO main.java.Engine.DriverFactory - ASSERT: link of Random Image is present 
EXPECTED: Must have a .jpg file 
ACTUAL: https://images.dog.ceo/breeds/retriever-golden/n02099601_3327.jpg
[Test worker] INFO main.java.Engine.DriverFactory - ========================== Get List Of Hound Sub-Breeds ============================
[Test worker] INFO main.java.Engine.DriverFactory - Method: GET
---------------- URL ------------------
https://dog.ceo/api/breed/hound/list
[Test worker] INFO main.java.Engine.DriverFactory - --------------- HEADERS ---------------
{Content-Type=application/json}
[Test worker] INFO main.java.Engine.DriverFactory - --------------- RESPONSE ---------------

[Test worker] INFO main.java.Engine.DriverFactory - 
{
    "message": [
        "afghan",
        "basset",
        "blood",
        "english",
        "ibizan",
        "plott",
        "walker"
    ],
    "status": "success"
}
[Test worker] INFO main.java.Engine.DriverFactory - ASSERT: StatusCode 
EXPECTED: 200 
ACTUAL: 200
[Test worker] INFO main.java.Engine.DriverFactory - ASSERT: list of sub-breeds for is present 
EXPECTED: Must not be null 
ACTUAL: afghan, basset, blood, english, ibizan, plott, walker
[Test worker] INFO main.java.Engine.DriverFactory - ========================== Get List All Sub-BreedImage ============================
[Test worker] INFO main.java.Engine.DriverFactory - Method: GET
---------------- URL ------------------
https://dog.ceo/api/https://dog.ceo/api/breed/hound/afghan/images
[Test worker] INFO main.java.Engine.DriverFactory - --------------- HEADERS ---------------
{Content-Type=application/json}
[Test worker] INFO main.java.Engine.DriverFactory - --------------- RESPONSE ---------------

[Test worker] INFO main.java.Engine.DriverFactory - 
{
    "message": [
        "https://images.dog.ceo/breeds/hound-afghan/n02088094_1003.jpg",
        "https://images.dog.ceo/breeds/hound-afghan/n02088094_1007.jpg",
        "https://images.dog.ceo/breeds/hound-afghan/n02088094_1023.jpg",
        "https://images.dog.ceo/breeds/hound-afghan/n02088094_10263.jpg",
        "https://images.dog.ceo/breeds/hound-afghan/n02088094_10715.jpg",
        "https://images.dog.ceo/breeds/hound-afghan/n02088094_10822.jpg",
        "https://images.dog.ceo/breeds/hound-afghan/n02088094_10832.jpg",
        "https://images.dog.ceo/breeds/hound-afghan/n02088094_10982.jpg",
        "https://images.dog.ceo/breeds/hound-afghan/n02088094_11006.jpg",
        "https://images.dog.ceo/breeds/hound-afghan/n02088094_11172.jpg",
        "https://images.dog.ceo/breeds/hound-afghan/n02088094_11182.jpg",
        "https://images.dog.ceo/breeds/hound-afghan/n02088094_1126.jpg",
        "https://images.dog.ceo/breeds/hound-afghan/n02088094_1128.jpg",
        "https://images.dog.ceo/breeds/hound-afghan/n02088094_11432.jpg",
        "https://images.dog.ceo/breeds/hound-afghan/n02088094_1145.jpg",
        "https://images.dog.ceo/breeds/hound-afghan/n02088094_115.jpg",
        "https://images.dog.ceo/breeds/hound-afghan/n02088094_1150.jpg",
        "https://images.dog.ceo/breeds/hound-afghan/n02088094_11570.jpg",
        "https://images.dog.ceo/breeds/hound-afghan/n02088094_11584.jpg",
        "https://images.dog.ceo/breeds/hound-afghan/n02088094_1167.jpg",
        "https://images.dog.ceo/breeds/hound-afghan/n02088094_1186.jpg",
        "https://images.dog.ceo/breeds/hound-afghan/n02088094_11953.jpg",
        "https://images.dog.ceo/breeds/hound-afghan/n02088094_1222.jpg",
        "https://images.dog.ceo/breeds/hound-afghan/n02088094_1234.jpg",
        "https://images.dog.ceo/breeds/hound-afghan/n02088094_12364.jpg",
        "https://images.dog.ceo/breeds/hound-afghan/n02088094_1254.jpg",
        "https://images.dog.ceo/breeds/hound-afghan/n02088094_12563.jpg",
        "https://images.dog.ceo/breeds/hound-afghan/n02088094_1259.jpg",
        "https://images.dog.ceo/breeds/hound-afghan/n02088094_12664.jpg",
        "https://images.dog.ceo/breeds/hound-afghan/n02088094_1270.jpg",
        "https://images.dog.ceo/breeds/hound-afghan/n02088094_12867.jpg",
        "https://images.dog.ceo/breeds/hound-afghan/n02088094_12879.jpg",
        "https://images.dog.ceo/breeds/hound-afghan/n02088094_12945.jpg",
        "https://images.dog.ceo/breeds/hound-afghan/n02088094_1301.jpg",
        "https://images.dog.ceo/breeds/hound-afghan/n02088094_13011.jpg",
        "https://images.dog.ceo/breeds/hound-afghan/n02088094_13145.jpg",
        "https://images.dog.ceo/breeds/hound-afghan/n02088094_13270.jpg",
        "https://images.dog.ceo/breeds/hound-afghan/n02088094_1335.jpg",
        "https://images.dog.ceo/breeds/hound-afghan/n02088094_13442.jpg",
        "https://images.dog.ceo/breeds/hound-afghan/n02088094_13502.jpg",
        "https://images.dog.ceo/breeds/hound-afghan/n02088094_1357.jpg",
        "https://images.dog.ceo/breeds/hound-afghan/n02088094_1370.jpg",
        "https://images.dog.ceo/breeds/hound-afghan/n02088094_13742.jpg",
        "https://images.dog.ceo/breeds/hound-afghan/n02088094_13879.jpg",
        "https://images.dog.ceo/breeds/hound-afghan/n02088094_13907.jpg",
        "https://images.dog.ceo/breeds/hound-afghan/n02088094_13909.jpg",
        "https://images.dog.ceo/breeds/hound-afghan/n02088094_1406.jpg",
        "https://images.dog.ceo/breeds/hound-afghan/n02088094_1410.jpg",
        "https://images.dog.ceo/breeds/hound-afghan/n02088094_1430.jpg",
        "https://images.dog.ceo/breeds/hound-afghan/n02088094_1459.jpg",
        "https://images.dog.ceo/breeds/hound-afghan/n02088094_1475.jpg",
        "https://images.dog.ceo/breeds/hound-afghan/n02088094_1479.jpg",
        "https://images.dog.ceo/breeds/hound-afghan/n02088094_1534.jpg",
        "https://images.dog.ceo/breeds/hound-afghan/n02088094_1592.jpg",
        "https://images.dog.ceo/breeds/hound-afghan/n02088094_1611.jpg",
        "https://images.dog.ceo/breeds/hound-afghan/n02088094_1618.jpg",
        "https://images.dog.ceo/breeds/hound-afghan/n02088094_1661.jpg",
        "https://images.dog.ceo/breeds/hound-afghan/n02088094_1724.jpg",
        "https://images.dog.ceo/breeds/hound-afghan/n02088094_173.jpg",
        "https://images.dog.ceo/breeds/hound-afghan/n02088094_1823.jpg",
        "https://images.dog.ceo/breeds/hound-afghan/n02088094_1829.jpg",
        "https://images.dog.ceo/breeds/hound-afghan/n02088094_1841.jpg",
        "https://images.dog.ceo/breeds/hound-afghan/n02088094_185.jpg",
        "https://images.dog.ceo/breeds/hound-afghan/n02088094_1882.jpg",
        "https://images.dog.ceo/breeds/hound-afghan/n02088094_1907.jpg",
        "https://images.dog.ceo/breeds/hound-afghan/n02088094_1917.jpg",
        "https://images.dog.ceo/breeds/hound-afghan/n02088094_1924.jpg",
        "https://images.dog.ceo/breeds/hound-afghan/n02088094_1932.jpg",
        "https://images.dog.ceo/breeds/hound-afghan/n02088094_2062.jpg",
        "https://images.dog.ceo/breeds/hound-afghan/n02088094_2131.jpg",
        "https://images.dog.ceo/breeds/hound-afghan/n02088094_2173.jpg",
        "https://images.dog.ceo/breeds/hound-afghan/n02088094_227.jpg",
        "https://images.dog.ceo/breeds/hound-afghan/n02088094_2292.jpg",
        "https://images.dog.ceo/breeds/hound-afghan/n02088094_231.jpg",
        "https://images.dog.ceo/breeds/hound-afghan/n02088094_2458.jpg",
        "https://images.dog.ceo/breeds/hound-afghan/n02088094_251.jpg",
        "https://images.dog.ceo/breeds/hound-afghan/n02088094_2522.jpg",
        "https://images.dog.ceo/breeds/hound-afghan/n02088094_2545.jpg",
        "https://images.dog.ceo/breeds/hound-afghan/n02088094_2559.jpg",
        "https://images.dog.ceo/breeds/hound-afghan/n02088094_26.jpg",
        "https://images.dog.ceo/breeds/hound-afghan/n02088094_2626.jpg",
        "https://images.dog.ceo/breeds/hound-afghan/n02088094_2641.jpg",
        "https://images.dog.ceo/breeds/hound-afghan/n02088094_266.jpg",
        "https://images.dog.ceo/breeds/hound-afghan/n02088094_2700.jpg",
        "https://images.dog.ceo/breeds/hound-afghan/n02088094_272.jpg",
        "https://images.dog.ceo/breeds/hound-afghan/n02088094_2726.jpg",
        "https://images.dog.ceo/breeds/hound-afghan/n02088094_2732.jpg",
        "https://images.dog.ceo/breeds/hound-afghan/n02088094_2738.jpg",
        "https://images.dog.ceo/breeds/hound-afghan/n02088094_2798.jpg",
        "https://images.dog.ceo/breeds/hound-afghan/n02088094_2803.jpg",
        "https://images.dog.ceo/breeds/hound-afghan/n02088094_2822.jpg",
        "https://images.dog.ceo/breeds/hound-afghan/n02088094_2879.jpg",
        "https://images.dog.ceo/breeds/hound-afghan/n02088094_294.jpg",
        "https://images.dog.ceo/breeds/hound-afghan/n02088094_305.jpg",
        "https://images.dog.ceo/breeds/hound-afghan/n02088094_3051.jpg",
        "https://images.dog.ceo/breeds/hound-afghan/n02088094_3057.jpg",
        "https://images.dog.ceo/breeds/hound-afghan/n02088094_3059.jpg",
        "https://images.dog.ceo/breeds/hound-afghan/n02088094_3075.jpg",
        "https://images.dog.ceo/breeds/hound-afghan/n02088094_3080.jpg",
        "https://images.dog.ceo/breeds/hound-afghan/n02088094_3119.jpg",
        "https://images.dog.ceo/breeds/hound-afghan/n02088094_3159.jpg",
        "https://images.dog.ceo/breeds/hound-afghan/n02088094_3201.jpg",
        "https://images.dog.ceo/breeds/hound-afghan/n02088094_3233.jpg",
        "https://images.dog.ceo/breeds/hound-afghan/n02088094_3252.jpg",
        "https://images.dog.ceo/breeds/hound-afghan/n02088094_3374.jpg",
        "https://images.dog.ceo/breeds/hound-afghan/n02088094_3396.jpg",
        "https://images.dog.ceo/breeds/hound-afghan/n02088094_3400.jpg",
        "https://images.dog.ceo/breeds/hound-afghan/n02088094_342.jpg",
        "https://images.dog.ceo/breeds/hound-afghan/n02088094_3500.jpg",
        "https://images.dog.ceo/breeds/hound-afghan/n02088094_3531.jpg",
        "https://images.dog.ceo/breeds/hound-afghan/n02088094_3564.jpg",
        "https://images.dog.ceo/breeds/hound-afghan/n02088094_357.jpg",
        "https://images.dog.ceo/breeds/hound-afghan/n02088094_3582.jpg",
        "https://images.dog.ceo/breeds/hound-afghan/n02088094_3588.jpg",
        "https://images.dog.ceo/breeds/hound-afghan/n02088094_3593.jpg",
        "https://images.dog.ceo/breeds/hound-afghan/n02088094_3596.jpg",
        "https://images.dog.ceo/breeds/hound-afghan/n02088094_3613.jpg",
        "https://images.dog.ceo/breeds/hound-afghan/n02088094_3620.jpg",
        "https://images.dog.ceo/breeds/hound-afghan/n02088094_3629.jpg",
        "https://images.dog.ceo/breeds/hound-afghan/n02088094_3630.jpg",
        "https://images.dog.ceo/breeds/hound-afghan/n02088094_3641.jpg",
        "https://images.dog.ceo/breeds/hound-afghan/n02088094_3653.jpg",
        "https://images.dog.ceo/breeds/hound-afghan/n02088094_3749.jpg",
        "https://images.dog.ceo/breeds/hound-afghan/n02088094_3793.jpg",
        "https://images.dog.ceo/breeds/hound-afghan/n02088094_3836.jpg",
        "https://images.dog.ceo/breeds/hound-afghan/n02088094_3850.jpg",
        "https://images.dog.ceo/breeds/hound-afghan/n02088094_3856.jpg",
        "https://images.dog.ceo/breeds/hound-afghan/n02088094_3858.jpg",
        "https://images.dog.ceo/breeds/hound-afghan/n02088094_392.jpg",
        "https://images.dog.ceo/breeds/hound-afghan/n02088094_3920.jpg",
        "https://images.dog.ceo/breeds/hound-afghan/n02088094_3937.jpg",
        "https://images.dog.ceo/breeds/hound-afghan/n02088094_3944.jpg",
        "https://images.dog.ceo/breeds/hound-afghan/n02088094_3949.jpg",
        "https://images.dog.ceo/breeds/hound-afghan/n02088094_3982.jpg",
        "https://images.dog.ceo/breeds/hound-afghan/n02088094_3989.jpg",
        "https://images.dog.ceo/breeds/hound-afghan/n02088094_4027.jpg",
        "https://images.dog.ceo/breeds/hound-afghan/n02088094_4037.jpg",
        "https://images.dog.ceo/breeds/hound-afghan/n02088094_4049.jpg",
        "https://images.dog.ceo/breeds/hound-afghan/n02088094_4072.jpg",
        "https://images.dog.ceo/breeds/hound-afghan/n02088094_4114.jpg",
        "https://images.dog.ceo/breeds/hound-afghan/n02088094_4143.jpg",
        "https://images.dog.ceo/breeds/hound-afghan/n02088094_4195.jpg",
        "https://images.dog.ceo/breeds/hound-afghan/n02088094_4219.jpg",
        "https://images.dog.ceo/breeds/hound-afghan/n02088094_4230.jpg",
        "https://images.dog.ceo/breeds/hound-afghan/n02088094_4290.jpg",
        "https://images.dog.ceo/breeds/hound-afghan/n02088094_4307.jpg",
        "https://images.dog.ceo/breeds/hound-afghan/n02088094_4310.jpg",
        "https://images.dog.ceo/breeds/hound-afghan/n02088094_4314.jpg",
        "https://images.dog.ceo/breeds/hound-afghan/n02088094_4352.jpg",
        "https://images.dog.ceo/breeds/hound-afghan/n02088094_4396.jpg",
        "https://images.dog.ceo/breeds/hound-afghan/n02088094_4406.jpg",
        "https://images.dog.ceo/breeds/hound-afghan/n02088094_4420.jpg",
        "https://images.dog.ceo/breeds/hound-afghan/n02088094_4426.jpg",
        "https://images.dog.ceo/breeds/hound-afghan/n02088094_4434.jpg",
        "https://images.dog.ceo/breeds/hound-afghan/n02088094_4450.jpg",
        "https://images.dog.ceo/breeds/hound-afghan/n02088094_4464.jpg",
        "https://images.dog.ceo/breeds/hound-afghan/n02088094_4467.jpg",
        "https://images.dog.ceo/breeds/hound-afghan/n02088094_4497.jpg",
        "https://images.dog.ceo/breeds/hound-afghan/n02088094_4501.jpg",
        "https://images.dog.ceo/breeds/hound-afghan/n02088094_4511.jpg",
        "https://images.dog.ceo/breeds/hound-afghan/n02088094_4517.jpg",
        "https://images.dog.ceo/breeds/hound-afghan/n02088094_4521.jpg",
        "https://images.dog.ceo/breeds/hound-afghan/n02088094_4583.jpg",
        "https://images.dog.ceo/breeds/hound-afghan/n02088094_4586.jpg",
        "https://images.dog.ceo/breeds/hound-afghan/n02088094_4598.jpg",
        "https://images.dog.ceo/breeds/hound-afghan/n02088094_4635.jpg",
        "https://images.dog.ceo/breeds/hound-afghan/n02088094_4678.jpg",
        "https://images.dog.ceo/breeds/hound-afghan/n02088094_472.jpg",
        "https://images.dog.ceo/breeds/hound-afghan/n02088094_4759.jpg",
        "https://images.dog.ceo/breeds/hound-afghan/n02088094_4768.jpg",
        "https://images.dog.ceo/breeds/hound-afghan/n02088094_482.jpg",
        "https://images.dog.ceo/breeds/hound-afghan/n02088094_4837.jpg",
        "https://images.dog.ceo/breeds/hound-afghan/n02088094_4870.jpg",
        "https://images.dog.ceo/breeds/hound-afghan/n02088094_5080.jpg",
        "https://images.dog.ceo/breeds/hound-afghan/n02088094_515.jpg",
        "https://images.dog.ceo/breeds/hound-afghan/n02088094_5150.jpg",
        "https://images.dog.ceo/breeds/hound-afghan/n02088094_522.jpg",
        "https://images.dog.ceo/breeds/hound-afghan/n02088094_5244.jpg",
        "https://images.dog.ceo/breeds/hound-afghan/n02088094_5265.jpg",
        "https://images.dog.ceo/breeds/hound-afghan/n02088094_5285.jpg",
        "https://images.dog.ceo/breeds/hound-afghan/n02088094_5326.jpg",
        "https://images.dog.ceo/breeds/hound-afghan/n02088094_5345.jpg",
        "https://images.dog.ceo/breeds/hound-afghan/n02088094_5355.jpg",
        "https://images.dog.ceo/breeds/hound-afghan/n02088094_537.jpg",
        "https://images.dog.ceo/breeds/hound-afghan/n02088094_5381.jpg",
        "https://images.dog.ceo/breeds/hound-afghan/n02088094_5413.jpg",
        "https://images.dog.ceo/breeds/hound-afghan/n02088094_5436.jpg",
        "https://images.dog.ceo/breeds/hound-afghan/n02088094_5488.jpg",
        "https://images.dog.ceo/breeds/hound-afghan/n02088094_5504.jpg",
        "https://images.dog.ceo/breeds/hound-afghan/n02088094_5517.jpg",
        "https://images.dog.ceo/breeds/hound-afghan/n02088094_5521.jpg",
        "https://images.dog.ceo/breeds/hound-afghan/n02088094_5559.jpg",
        "https://images.dog.ceo/breeds/hound-afghan/n02088094_5812.jpg",
        "https://images.dog.ceo/breeds/hound-afghan/n02088094_5855.jpg",
        "https://images.dog.ceo/breeds/hound-afghan/n02088094_5927.jpg",
        "https://images.dog.ceo/breeds/hound-afghan/n02088094_5939.jpg",
        "https://images.dog.ceo/breeds/hound-afghan/n02088094_60.jpg",
        "https://images.dog.ceo/breeds/hound-afghan/n02088094_6035.jpg",
        "https://images.dog.ceo/breeds/hound-afghan/n02088094_6241.jpg",
        "https://images.dog.ceo/breeds/hound-afghan/n02088094_6372.jpg",
        "https://images.dog.ceo/breeds/hound-afghan/n02088094_6430.jpg",
        "https://images.dog.ceo/breeds/hound-afghan/n02088094_6485.jpg",
        "https://images.dog.ceo/breeds/hound-afghan/n02088094_649.jpg",
        "https://images.dog.ceo/breeds/hound-afghan/n02088094_6493.jpg",
        "https://images.dog.ceo/breeds/hound-afghan/n02088094_6690.jpg",
        "https://images.dog.ceo/breeds/hound-afghan/n02088094_688.jpg",
        "https://images.dog.ceo/breeds/hound-afghan/n02088094_7106.jpg",
        "https://images.dog.ceo/breeds/hound-afghan/n02088094_713.jpg",
        "https://images.dog.ceo/breeds/hound-afghan/n02088094_7131.jpg",
        "https://images.dog.ceo/breeds/hound-afghan/n02088094_7146.jpg",
        "https://images.dog.ceo/breeds/hound-afghan/n02088094_7229.jpg",
        "https://images.dog.ceo/breeds/hound-afghan/n02088094_7260.jpg",
        "https://images.dog.ceo/breeds/hound-afghan/n02088094_732.jpg",
        "https://images.dog.ceo/breeds/hound-afghan/n02088094_7636.jpg",
        "https://images.dog.ceo/breeds/hound-afghan/n02088094_7683.jpg",
        "https://images.dog.ceo/breeds/hound-afghan/n02088094_7894.jpg",
        "https://images.dog.ceo/breeds/hound-afghan/n02088094_791.jpg",
        "https://images.dog.ceo/breeds/hound-afghan/n02088094_8063.jpg",
        "https://images.dog.ceo/breeds/hound-afghan/n02088094_8290.jpg",
        "https://images.dog.ceo/breeds/hound-afghan/n02088094_8315.jpg",
        "https://images.dog.ceo/breeds/hound-afghan/n02088094_8362.jpg",
        "https://images.dog.ceo/breeds/hound-afghan/n02088094_8465.jpg",
        "https://images.dog.ceo/breeds/hound-afghan/n02088094_8631.jpg",
        "https://images.dog.ceo/breeds/hound-afghan/n02088094_8682.jpg",
        "https://images.dog.ceo/breeds/hound-afghan/n02088094_875.jpg",
        "https://images.dog.ceo/breeds/hound-afghan/n02088094_8764.jpg",
        "https://images.dog.ceo/breeds/hound-afghan/n02088094_890.jpg",
        "https://images.dog.ceo/breeds/hound-afghan/n02088094_899.jpg",
        "https://images.dog.ceo/breeds/hound-afghan/n02088094_907.jpg",
        "https://images.dog.ceo/breeds/hound-afghan/n02088094_908.jpg",
        "https://images.dog.ceo/breeds/hound-afghan/n02088094_913.jpg",
        "https://images.dog.ceo/breeds/hound-afghan/n02088094_9197.jpg",
        "https://images.dog.ceo/breeds/hound-afghan/n02088094_9220.jpg",
        "https://images.dog.ceo/breeds/hound-afghan/n02088094_9229.jpg",
        "https://images.dog.ceo/breeds/hound-afghan/n02088094_93.jpg",
        "https://images.dog.ceo/breeds/hound-afghan/n02088094_9523.jpg",
        "https://images.dog.ceo/breeds/hound-afghan/n02088094_980.jpg",
        "https://images.dog.ceo/breeds/hound-afghan/n02088094_986.jpg",
        "https://images.dog.ceo/breeds/hound-afghan/n02088094_988.jpg"
    ],
    "status": "success"
}
[Test worker] INFO main.java.Engine.DriverFactory - ASSERT: StatusCode 
EXPECTED: 200 
ACTUAL: 200
[Test worker] INFO main.java.Engine.DriverFactory - Setup Base URL successfully 

[Test worker] INFO main.java.Engine.DriverFactory - Set Environment Name: 'login' successfully
[Test worker] INFO main.java.Engine.DriverFactory - 
================================== Login ==================================

[Test worker] INFO main.java.Engine.DriverFactory - Method: POST
---------------- URL ------------------
https://reqbin.com/echo/post/json
[Test worker] INFO main.java.Engine.DriverFactory - --------------- HEADERS ---------------
{Content-Type=application/json}
[Test worker] INFO main.java.Engine.DriverFactory - --------------- REQUEST ---------------

[Test worker] INFO main.java.Engine.DriverFactory - 
{
    "password": "password",
    "login": "login"
}
[Test worker] INFO main.java.Engine.DriverFactory - --------------- RESPONSE ---------------

[Test worker] INFO main.java.Engine.DriverFactory - 
{"success": "true"}
[Test worker] INFO main.java.Engine.DriverFactory - ASSERT: StatusCode 
EXPECTED: 200 
ACTUAL: 200
[Test worker] INFO main.java.Engine.DriverFactory - ASSERT: success 
EXPECTED: true 
ACTUAL: true
]]></system-err>
</testsuite>
